<?xml version="1.0" encoding="UTF-8"?>
<testng-results ignored="0" total="1" passed="1" failed="0" skipped="0">
  <reporter-output>
  </reporter-output>
  <suite started-at="2023-09-04T20:05:39 IST" name="Default suite" finished-at="2023-09-04T20:05:54 IST" duration-ms="15243">
    <groups>
    </groups>
    <test started-at="2023-09-04T20:05:39 IST" name="Default test" finished-at="2023-09-04T20:05:54 IST" duration-ms="15243">
      <class name="com.gamesforthebrain.FiveLegalMoves">
        <test-method is-config="true" signature="setUp()[pri:0, instance:com.gamesforthebrain.FiveLegalMoves@4803b726]" started-at="2023-09-04T20:05:39 IST" name="setUp" finished-at="2023-09-04T20:05:43 IST" duration-ms="4170" status="PASS">
          <reporter-output>
          </reporter-output>
        </test-method> <!-- setUp -->
        <test-method signature="performFiveMoves()[pri:0, instance:com.gamesforthebrain.FiveLegalMoves@4803b726]" started-at="2023-09-04T20:05:43 IST" name="performFiveMoves" finished-at="2023-09-04T20:05:54 IST" duration-ms="10957" status="PASS">
          <reporter-output>
          </reporter-output>
        </test-method> <!-- performFiveMoves -->
        <test-method is-config="true" signature="tearDown()[pri:0, instance:com.gamesforthebrain.FiveLegalMoves@4803b726]" started-at="2023-09-04T20:05:54 IST" name="tearDown" finished-at="2023-09-04T20:05:54 IST" duration-ms="96" status="PASS">
          <reporter-output>
          </reporter-output>
        </test-method> <!-- tearDown -->
      </class> <!-- com.gamesforthebrain.FiveLegalMoves -->
    </test> <!-- Default test -->
  </suite> <!-- Default suite -->
</testng-results>
